tests/test_traceability_matrix.py:144: error: Value of type "object" is not
indexable  [index]
                report["summary"]["functions_with_tests"]
                ^~~~~~~~~~~~~~~~~~~~~~~~~~~~~~~~~~~~~~~~~
tests/test_traceability_matrix.py:145: error: Value of type "object" is not
indexable  [index]
                == report["summary"]["total_critical_functions"]
                   ^~~~~~~~~~~~~~~~~~~~~~~~~~~~~~~~~~~~~~~~~~~~~
tests/test_sigstore_verification.py:223: error: Unsupported right operand type
for in ("object")  [operator]
                if doc_type in policy["document_types"]:
                   ^~~~~~~~~~~~~~~~~~~~~~~~~~~~~~~~~~~~
tests/test_sigstore_verification.py:275: error: Value of type "Collection[str]"
is not indexable  [index]
            assert signature_metadata["annotations"]["git.branch"] == "mai...
                   ^~~~~~~~~~~~~~~~~~~~~~~~~~~~~~~~~~~~~~~~~~~~~~~
tests/test_sigstore_verification.py:292: error: Unsupported left operand type
for + ("object")  [operator]
            sig_path = Path(doc_info["path"] + ".sig")
                            ^~~~~~~~~~~~~~~~~~~~~~~~~
tests/test_sigstore_verification.py:309: error: Argument 1 to "len" has
incompatible type "object"; expected "Sized"  [arg-type]
                assert len(recovery_action["suggested_remediation"]) > 0
                           ^~~~~~~~~~~~~~~~~~~~~~~~~~~~~~~~~~~~~~~~
tests/test_integration_ci_workflow.py:258: error: Value of type
"Collection[str]" is not indexable  [index]
            comment_body = comment_event["comment"]["body"]
                           ^~~~~~~~~~~~~~~~~~~~~~~~~~~~~~~~
tests/test_integration_ci_workflow.py:342: error: Generator has incompatible
item type "object"; expected "bool"  [misc]
            total_points = sum(task.get("story_points", 0) for task in com...
                               ^~~~~~~~~~~~~~~~~~~~~~~~~~~
tests/test_integration_ci_workflow.py:372: error: Value of type "object" is not
indexable  [index]
            actual_burned = burndown_data[0]["remaining_points"] - burndow...
                            ^~~~~~~~~~~~~~~~~~~~~~~~~~~~~~~~~~~~
tests/test_integration_ci_workflow.py:377: error: Value of type "object" is not
indexable  [index]
            remaining = burndown_data[-1]["remaining_points"]
                        ^~~~~~~~~~~~~~~~~~~~~~~~~~~~~~~~~~~~~
tests/test_integration_ci_workflow.py:403: error: Value of type
"Collection[str]" is not indexable  [index]
            assert workflow_dispatch["inputs"]["sprint_id"].startswith("sp...
                   ^~~~~~~~~~~~~~~~~~~~~~~~~~~~~~~~~~~~~~~~
tests/test_integration_ci_workflow.py:404: error: Value of type
"Collection[str]" is not indexable  [index]
            assert workflow_dispatch["inputs"]["update_type"] in ["full", ...
                   ^~~~~~~~~~~~~~~~~~~~~~~~~~~~~~~~~~~~~~~~~~
tests/test_integration_ci_workflow.py:405: error: Value of type
"Collection[str]" is not indexable  [index]
            assert workflow_dispatch["inputs"]["dry_run"] in ["true", "fal...
                   ^~~~~~~~~~~~~~~~~~~~~~~~~~~~~~~~~~~~~~
tests/test_integration_agent_flow.py:83: error: "CleanupAgent" has no attribute
"trace_dir"  [attr-defined]
            agent.trace_dir = self.trace_dir
            ^~~~~~~~~~~~~~~
tests/test_integration_agent_flow.py:427: error: Value of type
"Collection[str]" is not indexable  [index]
            assert 0 <= reflection["metrics"]["efficiency_score"] <= 1
                        ^~~~~~~~~~~~~~~~~~~~~~~~~~~~~~~~~~~~~~~~~
tests/test_integration_agent_flow.py:428: error: Value of type
"Collection[str]" is not indexable  [index]
            assert reflection["metrics"]["error_rate"] >= 0
                   ^~~~~~~~~~~~~~~~~~~~~~~~~~~~~~~~~~~
tests/test_integration_agent_flow.py:449: error: Value of type
"Collection[str]" is not indexable  [index]
            archive_counts = [t["metrics"]["files_archived"] for t in past...
                              ^~~~~~~~~~~~~~~~~~~~~~~~~~~~~~
tests/test_integration_agent_flow.py:457: error: Value of type
"Collection[str]" is not indexable  [index]
                "performance_stable": all(t["metrics"]["duration_ms"] < 20...
                                          ^~~~~~~~~~~~~~~~~~~~~~~~~~~
tests/test_integration_agent_flow.py:503: error: Value of type "object" is not
indexable  [index]
            assert error_trace["execution"]["status"] == "failure"
                   ^~~~~~~~~~~~~~~~~~~~~~~~~~~~~~~~~~
tests/test_integration_agent_flow.py:504: error: Value of type "object" is not
indexable  [index]
            assert error_trace["execution"]["partial_success"] is True
                   ^~~~~~~~~~~~~~~~~~~~~~~~~~~~~~~~~~~~~~~~~~~
tests/test_integration_agent_flow.py:505: error: Value of type "object" is not
indexable  [index]
            assert error_trace["recovery"]["total_errors"] == 1
                   ^~~~~~~~~~~~~~~~~~~~~~~~~~~~~~~~~~~~~~~
tests/test_integration_agent_flow.py:506: error: Unsupported right operand type
for in ("object")  [operator]
            assert "root_cause" in error_trace["reflection"]
                   ^~~~~~~~~~~~~~~~~~~~~~~~~~~~~~~~~~~~~~~~~
tests/test_config_validator.py:100: error: Unused "type: ignore" comment 
[unused-ignore]
            config["qdrant"]["port"] = 99999  # type: ignore[index]
            ^~~~~~~~~~~~~~~~~~~~~~~~~~~~~~~~~~~~~~~~~~~~~~~~~~~~~~
tests/test_config_validator.py:100: error: Incompatible types in assignment
(expression has type "int", target has type "str")  [assignment]
            config["qdrant"]["port"] = 99999  # type: ignore[index]
                                       ^~~~~
tests/test_config_validator.py:100: note: Error code "assignment" not covered by "type: ignore" comment
tests/test_config_validator.py:124: error: Unused "type: ignore" comment 
[unused-ignore]
            config["neo4j"]["port"] = 0  # type: ignore[index]
            ^~~~~~~~~~~~~~~~~~~~~~~~~~~~~~~~~~~~~~~~~~~~~~~~~
tests/test_config_validator.py:124: error: Incompatible types in assignment
(expression has type "int", target has type "str")  [assignment]
            config["neo4j"]["port"] = 0  # type: ignore[index]
                                      ^
tests/test_config_validator.py:124: note: Error code "assignment" not covered by "type: ignore" comment
tests/test_config_validator.py:149: error: Unused "type: ignore" comment 
[unused-ignore]
            config["redis"]["port"] = 70000  # type: ignore[index]
            ^~~~~~~~~~~~~~~~~~~~~~~~~~~~~~~~~~~~~~~~~~~~~~~~~~~~~
tests/test_config_validator.py:182: error: Dict entry 0 has incompatible type
"str": "str"; expected "str": "int"  [dict-item]
            config["duckdb"] = {"database_path": "/tmp/db.duckdb", "thread...
                                ^~~~~~~~~~~~~~~~~~~~~~~~~~~~~~~~~
tests/test_agent_state_machines.py:86: error: Value of type "object" is not
indexable  [index]
            sprint["phases"][1]["tasks"][1]["status"] = "pending"
            ^~~~~~~~~~~~~~~~~~~
tests/test_agent_state_machines.py:111: error: "object" has no attribute
"__iter__"; maybe "__dir__" or "__str__"? (not iterable)  [attr-defined]
            for phase in phases:
                         ^~~~~~
tests/test_agent_state_machines.py:118: error: Value of type "object" is not
indexable  [index]
            assert phases[1]["tasks"][1]["status"] == "in_progress"
                   ^~~~~~~~~
tests/test_agent_state_machines.py:123: error: Value of type "object" is not
indexable  [index]
            sprint["phases"][1]["tasks"][0]["status"] = "in_progress"
            ^~~~~~~~~~~~~~~~~~~
tests/test_agent_state_machines.py:127: error: "object" has no attribute
"__iter__"; maybe "__dir__" or "__str__"? (not iterable)  [attr-defined]
            for phase in phases:
                         ^~~~~~
tests/test_agent_state_machines.py:132: error: Value of type "object" is not
indexable  [index]
            assert phases[1]["tasks"][0]["status"] == "completed"
                   ^~~~~~~~~
tests/test_agent_state_machines.py:139: error: Value of type "object" is not
indexable  [index]
            for task in sprint["phases"][1]["tasks"]:
                        ^~~~~~~~~~~~~~~~~~~
tests/test_agent_state_machines.py:143: error: Value of type "object" is not
indexable  [index]
            phase = sprint["phases"][1]
                    ^~~~~~~~~~~~~~~~~~~
tests/test_agent_state_machines.py:151: error: Value of type "object" is not
indexable  [index]
            assert sprint["phases"][1]["status"] == "completed"
                   ^~~~~~~~~~~~~~~~~~~
tests/test_agent_state_machines.py:159: error: Value of type "object" is not
indexable  [index]
            if sprint["phases"][0]["status"] == "completed":
               ^~~~~~~~~~~~~~~~~~~
tests/test_agent_state_machines.py:165: error: "object" has no attribute
"__iter__"; maybe "__dir__" or "__str__"? (not iterable)  [attr-defined]
            for phase in sprint["phases"]:
                         ^~~~~~~~~~~~~~~~
tests/test_agent_state_machines.py:168: error: "object" has no attribute
"__iter__"; maybe "__dir__" or "__str__"? (not iterable)  [attr-defined]
    ... all(phase.get("status") == "completed" for phase in sprint["phases"])
                                                            ^~~~~~~~~~~~~~~~
tests/test_agent_state_machines.py:242: error: Value of type "object" is not
indexable  [index]
    ...phases = [phase for phase in sprint["phases"] if phase["status"] == "i...
                                                        ^~~~~~~~~~~~~~~
tests/test_agent_state_machines.py:245: error: "object" has no attribute "get" 
[attr-defined]
            assert all(phase.get("concurrent", True) for phase in active_p...
                       ^~~~~~~~~
tests/test_agent_state_machines.py:268: error: "Collection[str]" has no
attribute "get"  [attr-defined]
    ...on_blocked_tasks = [t for t in phase["tasks"] if t.get("status") != "b...
                                                        ^~~~~
tests/test_agent_state_machines.py:270: error: "Collection[str]" has no
attribute "get"  [attr-defined]
            all_non_blocked_completed = all(t.get("status") == "completed"...
                                            ^~~~~
tests/test_context_kv_methods.py:152: error: Unexpected keyword argument
"metadata" for "record_event" of "ContextKV"  [call-arg]
            result = kv.record_event(
                     ^
tests/test_sprint_issue_linker_coverage.py:166: error: Unsupported right
operand type for in ("object")  [operator]
            assert "Implement feature A" in existing_issues[0]["body"]
                   ^~~~~~~~~~~~~~~~~~~~~~~~~~~~~~~~~~~~~~~~~~~~~~~~~~~
tests/test_property_based_extended.py:22: error: Name "given" already defined
(possibly by an import)  [no-redef]
        def given(*args, **kwargs):
        ^
tests/test_property_based_extended.py:28: error: Name "RuleBasedStateMachine"
already defined (possibly by an import)  [no-redef]
        class RuleBasedStateMachine:
        ^
tests/test_property_based_extended.py:39: error: List item 2 has incompatible
type "Literal['.']"; expected
"Literal['L', 'Lu', 'Ll', 'Lt', 'Lm', 'Lo', 'M', 'Mn', 'Mc', 'Me', 'N', 'Nd', 'Nl', 'No', 'P', 'Pc', 'Pd', 'Ps', 'Pe', 'Pi', 'Pf', 'Po', 'S', 'Sm', 'Sc', 'Sk', 'So', 'Z', 'Zs', 'Zl', 'Zp', 'C', 'Cc', 'Cf', 'Cs', 'Co', 'Cn']"
 [list-item]
    ...ze=1, max_size=10, alphabet=st.characters(categories=["Nd", "L", "."])
                                                                        ^~~
tests/test_property_based_extended.py:217: error: Argument 1 to "len" has
incompatible type "Bundle[Any]"; expected "Sized"  [arg-type]
                doc_id = f"doc_{len(self.documents)}"
                                    ^~~~~~~~~~~~~~
tests/test_property_based_extended.py:280: error: Signature of "invariants"
incompatible with supertype "RuleBasedStateMachine"  [override]
            def invariants(self):
            ^
tests/test_property_based_extended.py:280: note:      Superclass:
tests/test_property_based_extended.py:280: note:          def invariants(cls) -> list[Invariant]
tests/test_property_based_extended.py:280: note:      Subclass:
tests/test_property_based_extended.py:280: note:          def invariants(self) -> Any
tests/test_property_based_extended.py:282: error: "Bundle[Any]" has no
attribute "__iter__" (not iterable)  [attr-defined]
                for doc in self.documents:
                           ^~~~~~~~~~~~~~
tests/test_metadata_validation.py:51: error: Argument 1 to "fromisoformat" of
"date" has incompatible type "object"; expected "str"  [arg-type]
            start = datetime.fromisoformat(sprint_metadata["start_date"])
                                           ^~~~~~~~~~~~~~~~~~~~~~~~~~~~~
tests/test_metadata_validation.py:52: error: Argument 1 to "fromisoformat" of
"date" has incompatible type "object"; expected "str"  [arg-type]
            end = datetime.fromisoformat(sprint_metadata["end_date"])
                                         ^~~~~~~~~~~~~~~~~~~~~~~~~~~
tests/test_metadata_validation.py:70: error: "Sequence[str]" has no attribute
"startswith"  [attr-defined]
            assert decision_metadata["decision_id"].startswith("DEC-")
                   ^~~~~~~~~~~~~~~~~~~~~~~~~~~~~~~~~~~~~~~~~~~
tests/test_metadata_validation.py:95: error: "object" has no attribute
"startswith"  [attr-defined]
            assert trace_metadata["trace_id"].startswith("trace-")
                   ^~~~~~~~~~~~~~~~~~~~~~~~~~~~~~~~~~~~~
tests/test_metadata_validation.py:177: error: "object" has no attribute
"endswith"  [attr-defined]
            assert agent_metadata["agent_name"].endswith("_agent")
                   ^~~~~~~~~~~~~~~~~~~~~~~~~~~~~~~~~~~~~
tests/test_metadata_validation.py:180: error: Unsupported operand types for <=
("int" and "object")  [operator]
            assert agent_metadata["max_retries"] >= 0
                   ^
tests/test_metadata_validation.py:181: error: Unsupported operand types for <
("int" and "object")  [operator]
            assert agent_metadata["timeout_seconds"] > 0
                   ^
tests/test_metadata_validation.py:197: error: Unsupported operand types for <
("int" and "object")  [operator]
            assert connection_metadata["port"] > 0
                   ^
tests/test_metadata_validation.py:198: error: Unsupported operand types for >=
("int" and "object")  [operator]
            assert connection_metadata["port"] <= 65535
                   ^
tests/test_metadata_validation.py:200: error: Unsupported operand types for <
("int" and "object")  [operator]
            assert connection_metadata["connection_timeout"] > 0
                   ^
tests/test_metadata_validation.py:201: error: Unsupported left operand type for
>= ("object")  [operator]
            assert connection_metadata["read_timeout"] >= connection_metad...
                   ^~~~~~~~~~~~~~~~~~~~~~~~~~~~~~~~~~~~~~~~~~~~~~~~~~~~~~~...
tests/test_metadata_validation.py:258: error: Value of type "Collection[str]"
is not indexable  [index]
                assert ref["type"] in ["decision", "design", "sprint", "tr...
                       ^~~~~~~~~~~
tests/test_metadata_validation.py:259: error: Value of type "Collection[str]"
is not indexable  [index]
                assert isinstance(ref["id"], str)
                                  ^~~~~~~~~
tests/test_metadata_validation.py:260: error: Value of type "Collection[str]"
is not indexable  [index]
                assert len(ref["id"]) > 0
                           ^~~~~~~~~
tests/test_metadata_validation.py:272: error: Argument 1 to "float" has
incompatible type "Collection[str]"; expected
"str | Buffer | SupportsFloat | SupportsIndex"  [arg-type]
            current_version = float(document["schema_version"])
                                    ^~~~~~~~~~~~~~~~~~~~~~~~~~
tests/test_metadata_validation.py:273: error: Argument 1 to "float" has
incompatible type "Collection[str]"; expected
"str | Buffer | SupportsFloat | SupportsIndex"  [arg-type]
            min_version = float(document["min_compatible_version"])
                                ^~~~~~~~~~~~~~~~~~~~~~~~~~~~~~~~~~
tests/test_metadata_validation.py:327: error: "object" has no attribute "split"
 [attr-defined]
            name_parts = metric_metadata["metric_name"].split(".")
                         ^~~~~~~~~~~~~~~~~~~~~~~~~~~~~~~~~~~~
tests/test_metadata_validation.py:345: error: Unsupported operand types for <
("int" and "object")  [operator]
            assert aggregation_metadata["samples"] > 0
                   ^
tests/test_metadata_validation.py:346: error: Unsupported left operand type for
<= ("object")  [operator]
            assert aggregation_metadata["min_value"] <= aggregation_metada...
                   ^~~~~~~~~~~~~~~~~~~~~~~~~~~~~~~~~~~~~~~~~~~~~~~~~~~~~~~...
tests/test_metadata_validation.py:347: error: Unsupported left operand type for
<= ("object")  [operator]
            assert aggregation_metadata["avg_value"] <= aggregation_metada...
                   ^~~~~~~~~~~~~~~~~~~~~~~~~~~~~~~~~~~~~~~~~~~~~~~~~~~~~~~...
tests/test_metadata_validation.py:348: error: Unsupported operand types for <=
("int" and "object")  [operator]
            assert aggregation_metadata["std_deviation"] >= 0
                   ^
tests/test_generate_coverage_matrix.py:15: error: Cannot find implementation or
library stub for module named "generate_coverage_matrix"  [import-not-found]
    from generate_coverage_matrix import (  # noqa: E402
    ^
tests/test_generate_coverage_matrix.py:45: error: Need type annotation for
"data"  [var-annotated]
            data = {"files": {"src/module.py": {"contexts": {}}}}
                   ^~~~~~~~~~~~~~~~~~~~~~~~~~~~~~~~~~~~~~~~~~~~~~
tests/test_generate_coverage_matrix.py:148: error: Need type annotation for
"mapping"  [var-annotated]
            mapping = {"src/module1.py": set(), "src/module2.py": set()}
                      ^~~~~~~~~~~~~~~~~~~~~~~~~~~~~~~~~~~~~~~~~~~~~~~~~~
tests/test_e2e_project_lifecycle.py:404: error: Value of type "object" is not
indexable  [index]
            assert snapshot["metadata"]["version"] == "1.0"
                   ^~~~~~~~~~~~~~~~~~~~~~~~~~~~~~~
tests/test_e2e_project_lifecycle.py:405: error: Unsupported right operand type
for in ("object")  [operator]
            assert "created_at" in snapshot["metadata"]
                   ^~~~~~~~~~~~~~~~~~~~~~~~~~~~~~~~~~~~
tests/test_e2e_project_lifecycle.py:408: error: Value of type "object" is not
indexable  [index]
            total = sum(snapshot["documents"]["by_type"].values())
                        ^~~~~~~~~~~~~~~~~~~~~~~~~~~~~~~~
tests/test_e2e_project_lifecycle.py:409: error: Value of type "object" is not
indexable  [index]
            assert total == snapshot["documents"]["total_count"]
                            ^~~~~~~~~~~~~~~~~~~~~~~~~~~~~~~~~~~~
tests/test_e2e_project_lifecycle.py:425: error: Value of type "Collection[str]"
is not indexable  [index]
                "documents_added": snapshot2["documents"]["total_count"]
                                   ^~~~~~~~~~~~~~~~~~~~~~~~~~~~~~~~~~~~~
tests/test_e2e_project_lifecycle.py:426: error: Value of type "Collection[str]"
is not indexable  [index]
                - snapshot1["documents"]["total_count"],
                  ^~~~~~~~~~~~~~~~~~~~~~~~~~~~~~~~~~~~~
tests/test_e2e_project_lifecycle.py:427: error: Value of type "Collection[str]"
is not indexable  [index]
                "checksum_changed": snapshot1["documents"]["checksum"]
                                    ^~~~~~~~~~~~~~~~~~~~~~~~~~~~~~~~~~
tests/test_e2e_project_lifecycle.py:428: error: Value of type "Collection[str]"
is not indexable  [index]
                != snapshot2["documents"]["checksum"],
                   ^~~~~~~~~~~~~~~~~~~~~~~~~~~~~~~~~~
tests/test_e2e_project_lifecycle.py:430: error: Argument 1 to "fromisoformat"
of "date" has incompatible type "Collection[str]"; expected "str"  [arg-type]
                    datetime.fromisoformat(snapshot2["timestamp"])
                                           ^~~~~~~~~~~~~~~~~~~~~~
tests/test_e2e_project_lifecycle.py:431: error: Argument 1 to "fromisoformat"
of "date" has incompatible type "Collection[str]"; expected "str"  [arg-type]
                    - datetime.fromisoformat(snapshot1["timestamp"])
                                             ^~~~~~~~~~~~~~~~~~~~~~
tests/test_e2e_project_lifecycle.py:477: error: Value of type "object" is not
indexable  [index]
            assert config["agents"]["cleanup_agent"]["retention_days"] == ...
                   ^~~~~~~~~~~~~~~~~~~~~~~~~~~~~~~~~
tests/test_e2e_project_lifecycle.py:478: error: Value of type "object" is not
indexable  [index]
            assert config["system"]["project_name"] == "unnamed_project"
                   ^~~~~~~~~~~~~~~~~~~~~~~~~~~~~~~~
tests/test_context_lint_coverage.py:437: error: "Result" has no attribute
"args"  [attr-defined]
            assert "--fix" in result.args or "Validation Results:" in resu...
                              ^~~~~~~~~~~
tests/test_context_lint_coverage.py:501: error: "Result" has no attribute
"args"  [attr-defined]
            assert "--verbose" in result.args or "Validation Results:" in ...
                                  ^~~~~~~~~~~
tests/test_chaos_engineering.py:271: error: Returning Any from function
declared to return "dict[Any, Any]"  [no-any-return]
                            return response.json()
                            ^~~~~~~~~~~~~~~~~~~~~~
tests/test_security.py:215: error: Incompatible types in assignment (expression
has type "object", variable has type "int")  [assignment]
            for num in invalid_numbers:
            ^
tests/test_security.py:220: error: Statement is unreachable  [unreachable]
                    assert not isinstance(num, int)
                    ^~~~~~~~~~~~~~~~~~~~~~~~~~~~~~~
tests/load_tests.py:14: error: Library stubs not installed for "gevent" 
[import-untyped]
    import gevent
    ^
tests/load_tests.py:14: note: Hint: "python3 -m pip install types-gevent"
tests/load_tests.py:14: note: (or run "mypy --install-types" to install all missing stub packages)
tests/load_tests.py:14: note: See https://mypy.readthedocs.io/en/stable/running_mypy.html#missing-imports
tests/load_tests.py:290: error: Item "None" of "Runner | None" has no attribute
"start"  [union-attr]
            env.runner.start(users, spawn_rate=spawn_rate)
            ^~~~~~~~~~~~~~~~
tests/load_tests.py:298: error: Item "None" of "Runner | None" has no attribute
"greenlet"  [union-attr]
            env.runner.greenlet.join(timeout=run_seconds)
            ^~~~~~~~~~~~~~~~~~~
tests/load_tests.py:301: error: Item "None" of "Runner | None" has no attribute
"quit"  [union-attr]
            env.runner.quit()
            ^~~~~~~~~~~~~~~
tests/load_tests.py:312: error: Unsupported target for indexed assignment
("object")  [index]
                results["endpoints"][name] = {
                ^~~~~~~~~~~~~~~~~~~~~~~~~~
tests/load_tests.py:324: error: Argument 1 to "check_performance_thresholds"
has incompatible type "object"; expected "dict[str, Any]"  [arg-type]
            passed = check_performance_thresholds(results["endpoints"])
                                                  ^~~~~~~~~~~~~~~~~~~~
tests/load_tests.py:375: error: Value of type "dict[str, Any] | None" is not
indexable  [index]
    ...              writer.writerow(["total_requests", results["total_reques...
                                                        ^~~~~~~~~~~~~~~~~~~~~...
tests/load_tests.py:376: error: Value of type "dict[str, Any] | None" is not
indexable  [index]
                    writer.writerow(["failure_rate", results["failure_rate...
                                                     ^~~~~~~~~~~~~~~~~~~~~~~
tests/load_tests.py:377: error: Value of type "dict[str, Any] | None" is not
indexable  [index]
    ...           writer.writerow(["avg_response_time", results["avg_response...
                                                        ^~~~~~~~~~~~~~~~~~~~~...
tests/load_tests.py:378: error: Value of type "dict[str, Any] | None" is not
indexable  [index]
    ...           writer.writerow(["thresholds_passed", results["thresholds_p...
                                                        ^~~~~~~~~~~~~~~~~~~~~...
tests/load_tests.py:384: error: Value of type "dict[str, Any] | None" is not
indexable  [index]
                    for name, stats in results["endpoints"].items():
                                       ^~~~~~~~~~~~~~~~~~~~
tests/load_tests.py:405: error: Value of type "dict[str, Any] | None" is not
indexable  [index]
                    <p>Total Requests: {results['total_requests']}</p>
                                       ^~~~~~~~~~~~~~~~~~~~~~~~~~
tests/load_tests.py:406: error: Value of type "dict[str, Any] | None" is not
indexable  [index]
                    <p>Failure Rate: {results['failure_rate']:.2%}</p>
                                     ^~~~~~~~~~~~~~~~~~~~~~~~
tests/load_tests.py:407: error: Value of type "dict[str, Any] | None" is not
indexable  [index]
                    <p>Avg Response Time: {results['avg_response_time']:.2...
                                          ^~~~~~~~~~~~~~~~~~~~~~~~~~~~~
tests/load_tests.py:408: error: Value of type "dict[str, Any] | None" is not
indexable  [index]
                    <p>Thresholds: {'âœ… PASSED' if results['thresholds_pass...
                                                    ^~~~~~~~~~~~~~~~~~~~~~...
tests/load_tests.py:418: error: Value of type "dict[str, Any] | None" is not
indexable  [index]
                for name, stats in results["endpoints"].items():
                                   ^~~~~~~~~~~~~~~~~~~~
tests/load_tests.py:440: error: Value of type "dict[str, Any] | None" is not
indexable  [index]
            exit(0 if results["thresholds_passed"] else 1)
                      ^~~~~~~~~~~~~~~~~~~~~~~~~~~~
tests/test_graph_db.py:573: error: "None" not callable  [misc]
            main.callback("neo4j", "test", True, True, True)
            ^~~~~~~~~~~~~~~~~~~~~~~~~~~~~~~~~~~~~~~~~~~~~~~~
tests/test_reproducibility.py:109: error: Unsupported target for indexed
assignment ("Collection[str]")  [index]
                snapshot["documents"][str(doc_file.name)] = {
                ^~~~~~~~~~~~~~~~~~~~~~~~~~~~~~~~~~~~~~~~~
tests/test_reproducibility.py:116: error: Value of type "Collection[str]" is
not indexable  [index]
                snapshot["metadata"]["total_documents"] += 1
                ^~~~~~~~~~~~~~~~~~~~~~~~~~~~~~~~~~~~~~~
tests/test_reproducibility.py:116: error: Unsupported target for indexed
assignment ("Collection[str]")  [index]
                snapshot["metadata"]["total_documents"] += 1
                ^~~~~~~~~~~~~~~~~~~~~~~~~~~~~~~~~~~~~~~
tests/test_reproducibility.py:118: error: Value of type "Collection[str]" is
not indexable  [index]
                snapshot["metadata"]["document_types"][doc_type] = (
                ^~~~~~~~~~~~~~~~~~~~~~~~~~~~~~~~~~~~~~
tests/test_reproducibility.py:119: error: Value of type "Collection[str]" is
not indexable  [index]
                    snapshot["metadata"]["document_types"].get(doc_type, 0...
                    ^~~~~~~~~~~~~~~~~~~~~~~~~~~~~~~~~~~~~~
tests/test_reproducibility.py:128: error: Value of type "Collection[str]" is
not indexable  [index]
            assert snapshot["metadata"]["total_documents"] == 2
                   ^~~~~~~~~~~~~~~~~~~~~~~~~~~~~~~~~~~~~~~
tests/test_reproducibility.py:129: error: Value of type "Collection[str]" is
not indexable  [index]
            assert "sprint" in snapshot["metadata"]["document_types"]
                               ^~~~~~~~~~~~~~~~~~~~~~~~~~~~~~~~~~~~~~
tests/test_reproducibility.py:130: error: Value of type "Collection[str]" is
not indexable  [index]
            assert "decision" in snapshot["metadata"]["document_types"]
                                 ^~~~~~~~~~~~~~~~~~~~~~~~~~~~~~~~~~~~~~
tests/test_reproducibility.py:217: error: Unsupported target for indexed
assignment ("object")  [index]
            graph_snapshot["metadata"]["snapshot_hash"] = hashlib.sha256(
            ^~~~~~~~~~~~~~~~~~~~~~~~~~~~~~~~~~~~~~~~~~~
tests/test_reproducibility.py:235: error: Value of type "object" is not
indexable  [index]
            assert recalc_hash == graph_snapshot["metadata"]["snapshot_has...
                                  ^~~~~~~~~~~~~~~~~~~~~~~~~~~~~~~~~~~~~~~~~~~
tests/test_reproducibility.py:276: error: Argument "ttl_seconds" to "set_cache"
of "RedisConnector" has incompatible type "object"; expected "int | None" 
[arg-type]
    ... kv_store.redis.set_cache(key, data["value"], ttl_seconds=data["ttl"])
                                                                 ^~~~~~~~~~~
tests/test_reproducibility.py:293: error: Value of type "Collection[str]" is
not indexable  [index]
                checkpoint["system_state"]["documents"][doc_file.name] = d...
                ^~~~~~~~~~~~~~~~~~~~~~~~~~~~~~~~~~~~~~~
tests/test_reproducibility.py:298: error: Value of type "Collection[str]" is
not indexable  [index]
            checkpoint["system_state"]["configuration"]["config"] = config...
            ^~~~~~~~~~~~~~~~~~~~~~~~~~~~~~~~~~~~~~~~~~~
tests/test_reproducibility.py:303: error: Value of type "Collection[str]" is
not indexable  [index]
            checkpoint["system_state"]["metrics"]["performance"] = metrics...
            ^~~~~~~~~~~~~~~~~~~~~~~~~~~~~~~~~~~~~
tests/test_reproducibility.py:307: error: Unsupported target for indexed
assignment ("Collection[str]")  [index]
            checkpoint["verification"]["total_hash"] = hashlib.sha256(stat...
            ^~~~~~~~~~~~~~~~~~~~~~~~~~~~~~~~~~~~~~~~
tests/test_reproducibility.py:341: error: Value of type "object" is not
indexable  [index]
                if change["op"] == "add" or change["op"] == "update":
                   ^~~~~~~~~~~~
tests/test_reproducibility.py:342: error: Value of type "object" is not
indexable  [index]
                    current_content[change["path"]] = change["value"]
                                    ^~~~~~~~~~~~~~
tests/test_reproducibility.py:361: error: Value of type "object" is not
indexable  [index]
                if change["op"] in ["add", "update"]:
                   ^~~~~~~~~~~~
tests/test_reproducibility.py:362: error: Value of type "object" is not
indexable  [index]
                    reproduced_content[change["path"]] = change["value"]
                                       ^~~~~~~~~~~~~~
tests/test_reproducibility.py:389: error: Unsupported target for indexed
assignment ("Collection[str]")  [index]
                snapshot["documents"][doc_file.name] = {
                ^~~~~~~~~~~~~~~~~~~~~~~~~~~~~~~~~~~~
tests/test_reproducibility.py:409: error: Returning Any from function declared
to return "bool"  [no-any-return]
            return calculated_hash == checkpoint["verification"]["total_ha...
            ^~~~~~~~~~~~~~~~~~~~~~~~~~~~~~~~~~~~~~~~~~~~~~~~~~~~~~~~~~~~~~...
tests/test_property_based.py:21: error: Name "given" already defined (possibly
by an import)  [no-redef]
        def given(*args, **kwargs):
        ^
tests/test_property_based.py:27: error: All conditional function variants must
have identical signatures  [misc]
        def assume(*args, **kwargs):
        ^
tests/test_property_based.py:27: note: Original:
tests/test_property_based.py:27: note:     def assume(condition: object) -> bool
tests/test_property_based.py:27: note: Redefinition:
tests/test_property_based.py:27: note:     def assume(*args: Any, **kwargs: Any) -> Any
tests/test_property_based.py:30: error: Name "st" already defined (by an
import)  [no-redef]
        class st:
        ^
tests/test_property_based.py:393: error: Unsupported operand types for <=
("int" and "object")  [operator]
                    assert event["value"] >= 0
                           ^
tests/test_performance_benchmarks.py:204: error: Unsupported right operand type
for in ("object")  [operator]
                results = [item for item in items if "tag_2" in item["tags...
                                                     ^~~~~~~~~~~~~~~~~~~~~~~
tests/test_performance_benchmarks.py:204: error: Unsupported operand types for
% ("object" and "int")  [operator]
    ...for item in items if "tag_2" in item["tags"] and item["id"] % 50 == 3]
                                                        ^
tests/test_performance_benchmarks.py:229: error: Incompatible types in
assignment (expression has type "Any | None", variable has type
"dict[str, object]")  [assignment]
                    value = cache.get(key)
                            ^~~~~~~~~~~~~~
tests/test_integration_real.py:106: error: Value of type "object" is not
indexable  [index]
            file_path = test_dir / f"{doc['id']}.yaml"
                                     ^~~~~~~~~~
tests/test_integration_real.py:188: error: Item "None" of "Driver | None" has
no attribute "session"  [union-attr]
            with builder.driver.session(database=builder.database) as sess...
                 ^~~~~~~~~~~~~~~~~~~~~~
tests/test_integration_real.py:191: error: Value of type "Record | Any | None"
is not indexable  [index]
                assert result.single()["count"] == 3
                       ^~~~~~~~~~~~~~~~~~~~~~~~
tests/test_integration_real.py:195: error: Value of type "Record | Any | None"
is not indexable  [index]
                assert result.single()["count"] >= 1  # At least one refer...
                       ^~~~~~~~~~~~~~~~~~~~~~~~
tests/test_integration_real.py:285: error: Item "None" of "Driver | None" has
no attribute "session"  [union-attr]
                with builder.driver.session(database=builder.database) as ...
                     ^~~~~~~~~~~~~~~~~~~~~~
tests/test_integration_embedding_flow.py:272: error: Argument 1 to
"_compute_content_hash" of "HashDiffEmbedder" has incompatible type "None";
expected "str"  [arg-type]
                embedder._compute_content_hash(None)
                                               ^~~~
tests/test_integration_embedding_flow.py:276: error: Argument 1 to
"_compute_embedding_hash" of "HashDiffEmbedder" has incompatible type "str";
expected "list[float]"  [arg-type]
            hash_result = embedder._compute_embedding_hash("not a list")
                                                           ^~~~~~~~~~~~
tests/test_integration_embedding_flow.py:297: error: Argument 1 to
"embed_document" of "HashDiffEmbedder" has incompatible type "str"; expected
"Path"  [arg-type]
                    embedder.embed_document("test content", "test_doc")
                                            ^~~~~~~~~~~~~~
tests/test_integration_embedding_flow.py:297: error: Argument 2 to
"embed_document" of "HashDiffEmbedder" has incompatible type "str"; expected
"bool"  [arg-type]
                    embedder.embed_document("test content", "test_doc")
                                                            ^~~~~~~~~~
tests/test_integration_embedding_flow.py:398: error: Unsupported operand types
for < ("int" and "object")  [operator]
                assert config["dimensions"] > 0
                       ^
tests/test_integration_embedding_flow.py:399: error: Unsupported operand types
for < ("int" and "object")  [operator]
                assert config["max_tokens"] > 0
                       ^
tests/test_integration_embedding_flow.py:400: error: "object" has no attribute
"startswith"  [attr-defined]
                assert config["model"].startswith("text-embedding")
                       ^~~~~~~~~~~~~~~~~~~~~~~~~~
tests/test_integration_embedding_flow.py:411: error: Value of type "object" is
not indexable  [index]
            assert collection_config["vectors"]["size"] in [1536, 3072]
                   ^~~~~~~~~~~~~~~~~~~~~~~~~~~~~~~~~~~~
tests/test_integration_embedding_flow.py:412: error: Value of type "object" is
not indexable  [index]
            assert collection_config["vectors"]["distance"] in ["Cosine", ...
                   ^~~~~~~~~~~~~~~~~~~~~~~~~~~~~~~~~~~~~~~~
tests/test_integration_embedding_flow.py:415: error: Value of type "object" is
not indexable  [index]
            assert collection_config["optimizers_config"]["indexing_thresh...
                   ^~~~~~~~~~~~~~~~~~~~~~~~~~~~~~~~~~~~~~~~~~~~~~~~~~~~~~~...
tests/test_integration_embedding_flow.py:416: error: Value of type "object" is
not indexable  [index]
            assert collection_config["hnsw_config"]["m"] >= 4
                   ^~~~~~~~~~~~~~~~~~~~~~~~~~~~~~~~~~~~~
tests/test_integration_embedding_flow.py:446: error: Incompatible types in
assignment (expression has type "float", target has type "int")  [assignment]
            metrics["total_time_ms"] = (end_time - start_time).total_secon...
                                       ^~~~~~~~~~~~~~~~~~~~~~~~~~~~~~~~~~~...
tests/test_integration_embedding_flow.py:448: error: Incompatible types in
assignment (expression has type "float | int", target has type "int") 
[assignment]
                metrics["total_time_ms"] / metrics["documents_processed"]
                ^
tests/test_hash_diff_embedder_coverage.py:284: error: Cannot assign to a method
 [method-assign]
                embedder.embed_document = mock_embed
                ^~~~~~~~~~~~~~~~~~~~~~~
tests/test_hash_diff_embedder.py:37: error: "TestHashDiffEmbedder" has no
attribute "test_config"  [attr-defined]
                yaml.dump(self.test_config, f)
                          ^~~~~~~~~~~~~~~~
tests/test_hash_diff_embedder.py:300: error: Argument 1 to
"_compute_content_hash" of "HashDiffEmbedder" has incompatible type "None";
expected "str"  [arg-type]
                embedder._compute_content_hash(None)
                                               ^~~~
tests/test_hash_diff_embedder.py:331: error: Argument 1 to
"_compute_embedding_hash" of "HashDiffEmbedder" has incompatible type "str";
expected "list[float]"  [arg-type]
            hash1 = embedder._compute_embedding_hash("not a list")
                                                     ^~~~~~~~~~~~
tests/test_hash_diff_embedder.py:335: error: Argument 1 to
"_compute_embedding_hash" of "HashDiffEmbedder" has incompatible type
"dict[str, str]"; expected "list[float]"  [arg-type]
            hash2 = embedder._compute_embedding_hash({"key": "value"})
                                                     ^~~~~~~~~~~~~~~~
tests/test_hash_diff_embedder.py:340: error: Argument 1 to
"_compute_embedding_hash" of "HashDiffEmbedder" has incompatible type "None";
expected "list[float]"  [arg-type]
                embedder._compute_embedding_hash(None)
                                                 ^~~~
tests/test_hash_diff_embedder.py:416: error: Argument 1 to
"ResponseHandlingException" has incompatible type "str"; expected "Exception" 
[arg-type]
    ...t_client.side_effect = ResponseHandlingException("Connection timeout")
                                                        ^~~~~~~~~~~~~~~~~~~~
tests/test_hash_diff_embedder.py:430: error: Argument "document_id" to
"DocumentHash" has incompatible type "int"; expected "str"  [arg-type]
                document_id=123,  # Should be string
                            ^~~
tests/test_hash_diff_embedder.py:431: error: Argument "file_path" to
"DocumentHash" has incompatible type "None"; expected "str"  [arg-type]
                file_path=None,  # Should be string
                          ^~~~
tests/test_hash_diff_embedder.py:432: error: Argument "content_hash" to
"DocumentHash" has incompatible type "list[Never]"; expected "str"  [arg-type]
                content_hash=[],  # Should be string
                             ^~
tests/test_hash_diff_embedder.py:433: error: Argument "embedding_hash" to
"DocumentHash" has incompatible type "dict[Never, Never]"; expected "str" 
[arg-type]
                embedding_hash={},  # Should be string
                               ^~
tests/test_hash_diff_embedder.py:434: error: Argument "last_embedded" to
"DocumentHash" has incompatible type "datetime"; expected "str"  [arg-type]
                last_embedded=datetime.now(),  # Should be string
                              ^~~~~~~~~~~~~~
tests/test_hash_diff_embedder.py:435: error: Argument "vector_id" to
"DocumentHash" has incompatible type "bool"; expected "str"  [arg-type]
                vector_id=True,  # Should be string
                          ^~~~
tests/test_hash_diff_embedder.py:439: error: Non-overlapping equality check
(left operand type: "str", right operand type: "Literal[123]") 
[comparison-overlap]
            assert doc_hash.document_id == 123
                   ^~~~~~~~~~~~~~~~~~~~~~~~~~~
tests/test_hash_diff_embedder.py:572: error: Cannot assign to a method 
[method-assign]
            embedder._save_hash_cache = lambda: increment_access()
            ^~~~~~~~~~~~~~~~~~~~~~~~~
tests/test_edge_cases.py:14: error: Unused "type: ignore" comment 
[unused-ignore]
    import pytest  # type: ignore
    ^~~~~~~~~~~~~~~~~~~~~~~~~~~~
tests/test_edge_cases.py:26: error: Name "given" already defined (possibly by
an import)  [no-redef]
        def given(*args, **kwargs):
        ^
tests/test_edge_cases.py:32: error: Name "st" already defined (by an import) 
[no-redef]
        class st:
        ^
tests/test_edge_cases.py:249: error: Argument 1 to "validate_time_range" has
incompatible type "datetime | None"; expected "datetime"  [arg-type]
                    result = validate_time_range(start, end)
                                                 ^~~~~
tests/test_edge_cases.py:249: error: Argument 2 to "validate_time_range" has
incompatible type "datetime | None"; expected "datetime"  [arg-type]
                    result = validate_time_range(start, end)
                                                        ^~~
tests/test_benchmarks.py:162: error: Argument 3 to "submit" of "Executor" has
incompatible type "str"; expected "DocumentHash"  [arg-type]
    ...             embedder.hash_cache.__setitem__, f"key_{i}", f"value_{i}"
                                                                 ^~~~~~~~~~~~
tests/test_benchmarks.py:166: error: Argument 1 to "submit" of "Executor" has
incompatible type overloaded function; expected "Callable[[str, None], None]" 
[arg-type]
                            future = executor.submit(embedder.hash_cache.g...
                                                     ^~~~~~~~~~~~~~~~~~~~~~~
Found 179 errors in 26 files (checked 48 source files)
